2018-10-11T03:02:38.995Z - normal: Load ~/.CocosCreator/settings.json
2018-10-11T03:02:39.003Z - normal: checking language setting...
2018-10-11T03:02:39.003Z - normal: Language: zh
2018-10-11T03:02:40.153Z - success: protocol editor-framework registered
2018-10-11T03:02:40.154Z - success: protocol app registered
2018-10-11T03:02:40.154Z - success: protocol theme registered
2018-10-11T03:02:40.154Z - success: protocol packages registered
2018-10-11T03:02:40.155Z - success: protocol unpack registerred
2018-10-11T03:02:40.155Z - success: protocol disable-commonjs registerred
2018-10-11T03:02:40.281Z - normal: connected!
2018-10-11T03:02:40.284Z - normal: Check project /Users/jason/Documents/SourceCode/VivaTangram
2018-10-11T03:02:40.285Z - normal: Initializing Cocos2d
2018-10-11T03:02:40.539Z - normal: Initializing Asset Database
2018-10-11T03:02:40.576Z - success: protocol uuid registerred
2018-10-11T03:02:40.576Z - success: protocol db registerred
2018-10-11T03:02:40.576Z - success: protocol thumbnail registerred
2018-10-11T03:02:40.577Z - normal: Loading editor/builtin packages
2018-10-11T03:02:40.606Z - success: anysdk loaded
2018-10-11T03:02:40.751Z - success: assets loaded
2018-10-11T03:02:40.756Z - success: builder loaded
2018-10-11T03:02:40.759Z - success: cocos-analytics loaded
2018-10-11T03:02:40.766Z - success: console loaded
2018-10-11T03:02:40.804Z - success: fb-instant-games loaded
2018-10-11T03:02:40.811Z - success: hierarchy loaded
2018-10-11T03:02:40.818Z - success: inspector loaded
2018-10-11T03:02:40.820Z - success: keystore loaded
2018-10-11T03:02:40.831Z - success: node-library loaded
2018-10-11T03:02:40.833Z - success: package-asset loaded
2018-10-11T03:02:40.836Z - success: preferences loaded
2018-10-11T03:02:40.839Z - success: project-exporter loaded
2018-10-11T03:02:40.856Z - success: project-importer loaded
2018-10-11T03:02:40.859Z - success: project-settings loaded
2018-10-11T03:02:40.864Z - success: ui-kit loaded
2018-10-11T03:02:40.870Z - success: ui-grid loaded
2018-10-11T03:02:40.875Z - success: scene loaded
2018-10-11T03:02:40.877Z - success: sprite-editor loaded
2018-10-11T03:02:40.881Z - success: store loaded
2018-10-11T03:02:40.888Z - success: timeline loaded
2018-10-11T03:02:40.888Z - normal: Loading builtin packages
2018-10-11T03:02:40.893Z - success: asset-db-debugger loaded
2018-10-11T03:02:40.894Z - success: color-picker loaded
2018-10-11T03:02:40.898Z - success: package-manager loaded
2018-10-11T03:02:40.904Z - success: sdkbox loaded
2018-10-11T03:02:40.910Z - success: tester loaded
2018-10-11T03:02:40.917Z - success: ui-kit-preview-extra loaded
2018-10-11T03:02:40.922Z - success: ui-kit-preview loaded
2018-10-11T03:02:40.925Z - success: ui-tree loaded
2018-10-11T03:02:42.162Z - normal: Initializing project /Users/jason/Documents/SourceCode/VivaTangram
2018-10-11T03:02:42.165Z - normal: Loading packages
2018-10-11T03:02:42.169Z - normal: Watching packages
2018-10-11T03:02:42.182Z - normal: Run Application
2018-10-11T03:02:42.854Z - success: preview server running at http://localhost:7456
2018-10-11T03:02:49.604Z - normal: 1.9.1
2018-10-11T03:03:21.148Z - normal: Start building with options : {
  "androidStudio": true,
  "apiLevel": "",
  "appABIs": [],
  "appKey": "",
  "appSecret": "",
  "buildPath": "/Users/jason/Documents/SourceCode/VivaTangram/build",
  "debug": false,
  "dest": "/Users/jason/Documents/SourceCode/VivaTangram/build/wechatgame",
  "encryptJs": true,
  "excludeScenes": [],
  "excludedModules": [],
  "fb-instant-games": {},
  "includeAnySDK": false,
  "includeEruda": false,
  "includeSDKBox": false,
  "inlineSpriteFrames": true,
  "inlineSpriteFrames_native": true,
  "jailbreakPlatform": false,
  "md5Cache": false,
  "mergeStartScene": false,
  "oauthLoginServer": "",
  "optimizeHotUpdate": false,
  "orientation": {
    "landscapeLeft": true,
    "landscapeRight": true,
    "portrait": false,
    "upsideDown": false
  },
  "packageName": "org.cocos2d.helloworld",
  "platform": "wechatgame",
  "previewHeight": "720",
  "previewWidth": "1280",
  "privateKey": "",
  "qqplay": {
    "REMOTE_SERVER_ROOT": "",
    "orientation": "portrait"
  },
  "renderMode": "0",
  "scenes": [
    "327dae7f-19bb-425e-b2cb-31c3af1bc438",
    "8175ce18-580c-4ab2-9fcd-d7f14e0d184a"
  ],
  "sourceMaps": false,
  "startScene": "327dae7f-19bb-425e-b2cb-31c3af1bc438",
  "template": "link",
  "title": "VivaTangram",
  "useDebugKeystore": true,
  "vsVersion": "auto",
  "webOrientation": "auto",
  "wechatgame": {
    "REMOTE_SERVER_ROOT": "",
    "appid": "wx612840ace9e091dc",
    "isSubdomain": false,
    "orientation": "portrait",
    "subContext": ""
  },
  "xxteaKey": "5ac73c1a-f42e-41",
  "zipCompressJs": true,
  "project": "/Users/jason/Documents/SourceCode/VivaTangram",
  "projectName": "VivaTangram",
  "debugBuildWorker": false
}
2018-10-11T03:03:21.152Z - normal: Building /Users/jason/Documents/SourceCode/VivaTangram
2018-10-11T03:03:21.152Z - normal: Destination /Users/jason/Documents/SourceCode/VivaTangram/build/wechatgame
2018-10-11T03:03:21.562Z - normal: Delete /Users/jason/Documents/SourceCode/VivaTangram/build/wechatgame/**/*
2018-10-11T03:03:24.858Z - normal: Compiled project javascript file successfully
2018-10-11T03:03:24.859Z - normal: Start building assets
2018-10-11T03:03:24.859Z - normal: Start spawn build-worker
2018-10-11T03:03:25.906Z - normal: Finish spawn build-worker
2018-10-11T03:03:25.906Z - normal: Start init build-worker
2018-10-11T03:03:28.473Z - normal: 1.9.1
2018-10-11T03:03:28.613Z - normal: Finish init build-worker
2018-10-11T03:03:28.613Z - normal: Start build-assets in worker
2018-10-11T03:03:29.178Z - normal: Finish build-assets in worker
2018-10-11T03:03:29.194Z - normal: Finish building assets
2018-10-11T03:03:29.207Z - normal: Start building raw assets
2018-10-11T03:03:29.209Z - normal: Start building plugin scripts
2018-10-11T03:03:29.315Z - normal: Finish building raw assets
2018-10-11T03:03:29.323Z - normal: Generating main.js from /Applications/CocosCreator.app/Contents/Resources/static/build-templates/shares/main.js
2018-10-11T03:03:29.456Z - normal: Built to "/Users/jason/Documents/SourceCode/VivaTangram/build/wechatgame" successfully
2018-10-11T03:03:30.597Z - warn: 找不到微信开发程序版本信息路径 [/Applications/wechatwebdevtools.app/Contents/Resources/app.nw/package.json]。
2018-10-11T03:03:30.597Z - warn: 微信开发程序版本过低，不能享用所有功能，请尽快升级。
2018-10-11T03:03:31.281Z - normal: Initializing...

2018-10-11T03:03:31.287Z - normal: idePortFile: /Users/jason/Library/Application Support/微信web开发者工具/Default/.ide

2018-10-11T03:03:31.323Z - normal: IDE server has started, listening on http://127.0.0.1:57745

2018-10-11T03:03:31.324Z - normal: initialization finished

2018-10-11T03:03:31.541Z - normal: open IDE success

2018-10-11T03:05:25.656Z - info: shutdown preview server
